Using pre-set license
Built from '2022.3/staging' branch; Version is '2022.3.14f1 (eff2de9070d8) revision 15725278'; Using compiler version '192829333'; Build Type 'Release'
OS: 'Windows 10  (10.0.19045) 64bit Education' Language: 'ko' Physical Memory: 16318 MB
BatchMode: 1, IsHumanControllingUs: 0, StartBugReporterOnCrash: 0, Is64bit: 1, IsPro: 1

COMMAND LINE ARGUMENTS:
C:\Program Files\Unity 2022.3.14f1\Editor\Unity.exe
-adb2
-batchMode
-noUpm
-name
AssetImportWorker2
-projectPath
C:/Users/Administrator/Documents/박준민/Learn_Unity_02/LearnUnity02_01/My project
-logFile
Logs/AssetImportWorker2.log
-srvPort
49976
Successfully changed project path to: C:/Users/Administrator/Documents/박준민/Learn_Unity_02/LearnUnity02_01/My project
C:/Users/Administrator/Documents/박준민/Learn_Unity_02/LearnUnity02_01/My project
[UnityMemory] Configuration Parameters - Can be set up in boot.config
    "memorysetup-bucket-allocator-granularity=16"
    "memorysetup-bucket-allocator-bucket-count=8"
    "memorysetup-bucket-allocator-block-size=33554432"
    "memorysetup-bucket-allocator-block-count=8"
    "memorysetup-main-allocator-block-size=16777216"
    "memorysetup-thread-allocator-block-size=16777216"
    "memorysetup-gfx-main-allocator-block-size=16777216"
    "memorysetup-gfx-thread-allocator-block-size=16777216"
    "memorysetup-cache-allocator-block-size=4194304"
    "memorysetup-typetree-allocator-block-size=2097152"
    "memorysetup-profiler-bucket-allocator-granularity=16"
    "memorysetup-profiler-bucket-allocator-bucket-count=8"
    "memorysetup-profiler-bucket-allocator-block-size=33554432"
    "memorysetup-profiler-bucket-allocator-block-count=8"
    "memorysetup-profiler-allocator-block-size=16777216"
    "memorysetup-profiler-editor-allocator-block-size=1048576"
    "memorysetup-temp-allocator-size-main=16777216"
    "memorysetup-job-temp-allocator-block-size=2097152"
    "memorysetup-job-temp-allocator-block-size-background=1048576"
    "memorysetup-job-temp-allocator-reduction-small-platforms=262144"
    "memorysetup-allocator-temp-initial-block-size-main=262144"
    "memorysetup-allocator-temp-initial-block-size-worker=262144"
    "memorysetup-temp-allocator-size-background-worker=32768"
    "memorysetup-temp-allocator-size-job-worker=262144"
    "memorysetup-temp-allocator-size-preload-manager=33554432"
    "memorysetup-temp-allocator-size-nav-mesh-worker=65536"
    "memorysetup-temp-allocator-size-audio-worker=65536"
    "memorysetup-temp-allocator-size-cloud-worker=32768"
    "memorysetup-temp-allocator-size-gi-baking-worker=262144"
    "memorysetup-temp-allocator-size-gfx=262144"
Player connection [9496] Host "[IP] 192.168.0.188 [Port] 0 [Flags] 2 [Guid] 2233906452 [EditorId] 2233906452 [Version] 1048832 [Id] WindowsEditor(7,I-15) [Debug] 1 [PackageName] WindowsEditor [ProjectName] Editor" joined multi-casting on [225.0.0.222:54997]...

Player connection [9496] Host "[IP] 192.168.0.188 [Port] 0 [Flags] 2 [Guid] 2233906452 [EditorId] 2233906452 [Version] 1048832 [Id] WindowsEditor(7,I-15) [Debug] 1 [PackageName] WindowsEditor [ProjectName] Editor" joined alternative multi-casting on [225.0.0.222:34997]...

[Physics::Module] Initialized MultithreadedJobDispatcher with 11 workers.
Refreshing native plugins compatible for Editor in 10.06 ms, found 3 plugins.
Preloading 0 native plugins for Editor in 0.00 ms.
Initialize engine version: 2022.3.14f1 (eff2de9070d8)
[Subsystems] Discovering subsystems at path C:/Program Files/Unity 2022.3.14f1/Editor/Data/Resources/UnitySubsystems
[Subsystems] Discovering subsystems at path C:/Users/Administrator/Documents/박준민/Learn_Unity_02/LearnUnity02_01/My project/Assets
GfxDevice: creating device client; threaded=0; jobified=0
Direct3D:
    Version:  Direct3D 11.0 [level 11.1]
    Renderer: NVIDIA GeForce GTX 1660 (ID=0x2184)
    Vendor:   NVIDIA
    VRAM:     5980 MB
    Driver:   31.0.15.3623
Initialize mono
Mono path[0] = 'C:/Program Files/Unity 2022.3.14f1/Editor/Data/Managed'
Mono path[1] = 'C:/Program Files/Unity 2022.3.14f1/Editor/Data/MonoBleedingEdge/lib/mono/unityjit-win32'
Mono config path = 'C:/Program Files/Unity 2022.3.14f1/Editor/Data/MonoBleedingEdge/etc'
Using monoOptions --debugger-agent=transport=dt_socket,embedding=1,server=y,suspend=n,address=127.0.0.1:56924
Begin MonoManager ReloadAssembly
Registering precompiled unity dll's ...
Register platform support module: C:/Program Files/Unity 2022.3.14f1/Editor/Data/PlaybackEngines/WindowsStandaloneSupport/UnityEditor.WindowsStandalone.Extensions.dll
Registered in 0.007633 seconds.
- Loaded All Assemblies, in  0.387 seconds
Native extension for WindowsStandalone target not found
Mono: successfully reloaded assembly
- Finished resetting the current domain, in  0.294 seconds
Domain Reload Profiling: 679ms
	BeginReloadAssembly (123ms)
		ExecutionOrderSort (0ms)
		DisableScriptedObjects (0ms)
		BackupInstance (0ms)
		ReleaseScriptingObjects (0ms)
		CreateAndSetChildDomain (1ms)
	RebuildCommonClasses (38ms)
	RebuildNativeTypeToScriptingClass (13ms)
	initialDomainReloadingComplete (64ms)
	LoadAllAssembliesAndSetupDomain (148ms)
		LoadAssemblies (121ms)
		RebuildTransferFunctionScriptingTraits (0ms)
		AnalyzeDomain (145ms)
			TypeCache.Refresh (144ms)
				TypeCache.ScanAssembly (129ms)
			ScanForSourceGeneratedMonoScriptInfo (0ms)
			ResolveRequiredComponents (1ms)
	FinalizeReload (294ms)
		ReleaseScriptCaches (0ms)
		RebuildScriptCaches (0ms)
		SetupLoadedEditorAssemblies (225ms)
			LogAssemblyErrors (0ms)
			InitializePlatformSupportModulesInManaged (11ms)
			SetLoadedEditorAssemblies (9ms)
			RefreshPlugins (0ms)
			BeforeProcessingInitializeOnLoad (3ms)
			ProcessInitializeOnLoadAttributes (147ms)
			ProcessInitializeOnLoadMethodAttributes (55ms)
			AfterProcessingInitializeOnLoad (0ms)
			EditorAssembliesLoaded (0ms)
		ExecutionOrderSort2 (0ms)
		AwakeInstancesAfterBackupRestoration (0ms)
========================================================================
Worker process is ready to serve import requests
Begin MonoManager ReloadAssembly
- Loaded All Assemblies, in  0.713 seconds
Refreshing native plugins compatible for Editor in 3.43 ms, found 3 plugins.
Native extension for WindowsStandalone target not found
Package Manager log level set to [2]
[Package Manager] Server::EnsureServerProcessIsRunning -- launch failed, reason: Unity was launched with the -noUpm command-line argument
[Package Manager] UpmClient::Send -- Unable to send message (not connected to UPM process).
[Package Manager] Cannot connect to Unity Package Manager local server
Mono: successfully reloaded assembly
- Finished resetting the current domain, in  0.695 seconds
Domain Reload Profiling: 1405ms
	BeginReloadAssembly (168ms)
		ExecutionOrderSort (0ms)
		DisableScriptedObjects (7ms)
		BackupInstance (0ms)
		ReleaseScriptingObjects (0ms)
		CreateAndSetChildDomain (22ms)
	RebuildCommonClasses (37ms)
	RebuildNativeTypeToScriptingClass (13ms)
	initialDomainReloadingComplete (49ms)
	LoadAllAssembliesAndSetupDomain (443ms)
		LoadAssemblies (352ms)
		RebuildTransferFunctionScriptingTraits (0ms)
		AnalyzeDomain (190ms)
			TypeCache.Refresh (169ms)
				TypeCache.ScanAssembly (154ms)
			ScanForSourceGeneratedMonoScriptInfo (15ms)
			ResolveRequiredComponents (5ms)
	FinalizeReload (696ms)
		ReleaseScriptCaches (0ms)
		RebuildScriptCaches (0ms)
		SetupLoadedEditorAssemblies (529ms)
			LogAssemblyErrors (0ms)
			InitializePlatformSupportModulesInManaged (7ms)
			SetLoadedEditorAssemblies (5ms)
			RefreshPlugins (0ms)
			BeforeProcessingInitializeOnLoad (101ms)
			ProcessInitializeOnLoadAttributes (384ms)
			ProcessInitializeOnLoadMethodAttributes (24ms)
			AfterProcessingInitializeOnLoad (7ms)
			EditorAssembliesLoaded (0ms)
		ExecutionOrderSort2 (0ms)
		AwakeInstancesAfterBackupRestoration (7ms)
Launched and connected shader compiler UnityShaderCompiler.exe after 0.05 seconds
Refreshing native plugins compatible for Editor in 3.71 ms, found 3 plugins.
Preloading 0 native plugins for Editor in 0.00 ms.
Unloading 3110 Unused Serialized files (Serialized files now loaded: 0)
Unloading 32 unused Assets / (56.8 KB). Loaded Objects now: 3576.
Memory consumption went from 127.8 MB to 127.7 MB.
Total: 3.487200 ms (FindLiveObjects: 0.262900 ms CreateObjectMapping: 0.176700 ms MarkObjects: 2.951700 ms  DeleteObjects: 0.095000 ms)

AssetImportParameters requested are different than current active one (requested -> active):
  custom:container-demuxer-ogg: 62fdf1f143b41e24485cea50d1cbac27 -> 
  custom:video-decoder-ogg-theora: a1e56fd34408186e4bbccfd4996cb3dc -> 
  custom:framework-win-MediaFoundation: 216162199b28c13a410421893ffa2e32 -> 
  custom:CustomObjectIndexerAttribute: 756ad292c208cfabdd7b50bc23989ffe -> 
  custom:container-demuxer-webm: 4f35f7cbe854078d1ac9338744f61a02 -> 
  custom:container-muxer-webm: aa71ff27fc2769a1b78a27578f13a17b -> 
  custom:video-decoder-webm-vp8: 9c59270c3fd7afecdb556c50c9e8de78 -> 
  custom:SearchIndexIgnoredProperties: e643bd26f0fe6173181afceb89e7c659 -> 
  custom:AudioImporter_EditorPlatform: d09bf68614088b80899f8185d706f6e7 -> 
  custom:video-encoder-webm-vp8: eb34c28f22e8b96e1ab97ce403110664 -> 
  custom:audio-decoder-ogg-vorbis: bf7c407c2cedff20999df2af8eb42d56 -> 
  custom:audio-encoder-webm-vorbis: bf7c407c2cedff20999df2af8eb42d56 -> 
========================================================================
Received Import Request.
  Time since last request: 617.581618 seconds.
  path: Assets/1_Download
  artifactKey: Guid(9ee73c9c1ac0a1d4ba3df17b8e3536f4) Importer(815301076,1909f56bfc062723c751e8b465ee728b)
Start importing Assets/1_Download using Guid(9ee73c9c1ac0a1d4ba3df17b8e3536f4) Importer(815301076,1909f56bfc062723c751e8b465ee728b)  -> (artifact id: 'c1b7e1526ef3c187113fbbeb201a31e9') in 0.003519 seconds
Number of updated asset objects reloaded before import = 0
Number of asset objects unloaded after import = 0
========================================================================
Received Prepare
Begin MonoManager ReloadAssembly
- Loaded All Assemblies, in 11.773 seconds
Refreshing native plugins compatible for Editor in 3.43 ms, found 3 plugins.
Native extension for WindowsStandalone target not found
[Package Manager] Server::EnsureServerProcessIsRunning -- launch failed, reason: Unity was launched with the -noUpm command-line argument
[Package Manager] UpmClient::Send -- Unable to send message (not connected to UPM process).
[Package Manager] Cannot connect to Unity Package Manager local server
Mono: successfully reloaded assembly
- Finished resetting the current domain, in  8.022 seconds
Domain Reload Profiling: 19792ms
	BeginReloadAssembly (4645ms)
		ExecutionOrderSort (0ms)
		DisableScriptedObjects (7ms)
		BackupInstance (0ms)
		ReleaseScriptingObjects (0ms)
		CreateAndSetChildDomain (47ms)
	RebuildCommonClasses (269ms)
	RebuildNativeTypeToScriptingClass (13ms)
	initialDomainReloadingComplete (36ms)
	LoadAllAssembliesAndSetupDomain (6807ms)
		LoadAssemblies (11215ms)
		RebuildTransferFunctionScriptingTraits (0ms)
		AnalyzeDomain (142ms)
			TypeCache.Refresh (127ms)
				TypeCache.ScanAssembly (0ms)
			ScanForSourceGeneratedMonoScriptInfo (9ms)
			ResolveRequiredComponents (5ms)
	FinalizeReload (8022ms)
		ReleaseScriptCaches (0ms)
		RebuildScriptCaches (0ms)
		SetupLoadedEditorAssemblies (529ms)
			LogAssemblyErrors (0ms)
			InitializePlatformSupportModulesInManaged (7ms)
			SetLoadedEditorAssemblies (6ms)
			RefreshPlugins (0ms)
			BeforeProcessingInitializeOnLoad (105ms)
			ProcessInitializeOnLoadAttributes (378ms)
			ProcessInitializeOnLoadMethodAttributes (23ms)
			AfterProcessingInitializeOnLoad (9ms)
			EditorAssembliesLoaded (0ms)
		ExecutionOrderSort2 (0ms)
		AwakeInstancesAfterBackupRestoration (8ms)
Refreshing native plugins compatible for Editor in 4.27 ms, found 3 plugins.
Preloading 0 native plugins for Editor in 0.00 ms.
Unloading 3092 Unused Serialized files (Serialized files now loaded: 0)
Unloading 23 unused Assets / (31.1 KB). Loaded Objects now: 3579.
Memory consumption went from 126.2 MB to 126.1 MB.
Total: 3.375100 ms (FindLiveObjects: 0.454500 ms CreateObjectMapping: 0.258900 ms MarkObjects: 2.600300 ms  DeleteObjects: 0.060100 ms)

Prepare: number of updated asset objects reloaded= 10
AssetImportParameters requested are different than current active one (requested -> active):
  custom:container-demuxer-ogg: 62fdf1f143b41e24485cea50d1cbac27 -> 
  custom:video-decoder-ogg-theora: a1e56fd34408186e4bbccfd4996cb3dc -> 
  custom:framework-win-MediaFoundation: 216162199b28c13a410421893ffa2e32 -> 
  custom:CustomObjectIndexerAttribute: 756ad292c208cfabdd7b50bc23989ffe -> 
  custom:container-demuxer-webm: 4f35f7cbe854078d1ac9338744f61a02 -> 
  custom:container-muxer-webm: aa71ff27fc2769a1b78a27578f13a17b -> 
  custom:video-decoder-webm-vp8: 9c59270c3fd7afecdb556c50c9e8de78 -> 
  custom:SearchIndexIgnoredProperties: e643bd26f0fe6173181afceb89e7c659 -> 
  custom:AudioImporter_EditorPlatform: d09bf68614088b80899f8185d706f6e7 -> 
  custom:video-encoder-webm-vp8: eb34c28f22e8b96e1ab97ce403110664 -> 
  custom:audio-decoder-ogg-vorbis: bf7c407c2cedff20999df2af8eb42d56 -> 
  custom:audio-encoder-webm-vorbis: bf7c407c2cedff20999df2af8eb42d56 -> 
========================================================================
Received Import Request.
  Time since last request: 47.786972 seconds.
  path: Assets/EventFuction
  artifactKey: Guid(52cb41caaecdb56408b441d39d9d0d5f) Importer(815301076,1909f56bfc062723c751e8b465ee728b)
Start importing Assets/EventFuction using Guid(52cb41caaecdb56408b441d39d9d0d5f) Importer(815301076,1909f56bfc062723c751e8b465ee728b)  -> (artifact id: '82739b5834da6686b56b0bf5b3e1b5a2') in 0.002758 seconds
Number of updated asset objects reloaded before import = 0
Number of asset objects unloaded after import = 0
========================================================================
Received Import Request.
  Time since last request: 0.000026 seconds.
  path: Assets/2_Art
  artifactKey: Guid(46b14e49906384045a24d96732eb1e7f) Importer(815301076,1909f56bfc062723c751e8b465ee728b)
Start importing Assets/2_Art using Guid(46b14e49906384045a24d96732eb1e7f) Importer(815301076,1909f56bfc062723c751e8b465ee728b)  -> (artifact id: '5f384c6baec7cb87e7d82e30f96540c0') in 0.000436 seconds
Number of updated asset objects reloaded before import = 0
Number of asset objects unloaded after import = 0
========================================================================
Received Import Request.
  Time since last request: 19.168624 seconds.
  path: Assets/1_Download/Red Knight/RedKnight
  artifactKey: Guid(0cf351f15fb925d41960ab037f9d4292) Importer(815301076,1909f56bfc062723c751e8b465ee728b)
Start importing Assets/1_Download/Red Knight/RedKnight using Guid(0cf351f15fb925d41960ab037f9d4292) Importer(815301076,1909f56bfc062723c751e8b465ee728b)  -> (artifact id: 'd428285e05a13391613ac9e6d7755578') in 0.000652 seconds
Number of updated asset objects reloaded before import = 0
Number of asset objects unloaded after import = 0
========================================================================
Received Import Request.
  Time since last request: 2.198842 seconds.
  path: Assets/1_Download/Red Knight/RedKnight/FBX
  artifactKey: Guid(5b5b418ab57c27b4999043d161cc4af8) Importer(815301076,1909f56bfc062723c751e8b465ee728b)
Start importing Assets/1_Download/Red Knight/RedKnight/FBX using Guid(5b5b418ab57c27b4999043d161cc4af8) Importer(815301076,1909f56bfc062723c751e8b465ee728b)  -> (artifact id: '723ea8e8bdc0d4335b18701025eb732c') in 0.000436 seconds
Number of updated asset objects reloaded before import = 0
Number of asset objects unloaded after import = 0
========================================================================
Received Import Request.
  Time since last request: 0.771398 seconds.
  path: Assets/1_Download/Red Knight/RedKnight/FBX/Characters
  artifactKey: Guid(ae09c4dc1126b5547ad7bab72c45ba60) Importer(815301076,1909f56bfc062723c751e8b465ee728b)
Start importing Assets/1_Download/Red Knight/RedKnight/FBX/Characters using Guid(ae09c4dc1126b5547ad7bab72c45ba60) Importer(815301076,1909f56bfc062723c751e8b465ee728b)  -> (artifact id: '6cc0741464b63a8d45378fc3ba66903b') in 0.000719 seconds
Number of updated asset objects reloaded before import = 0
Number of asset objects unloaded after import = 0
========================================================================
Received Import Request.
  Time since last request: 0.077552 seconds.
  path: Assets/1_Download/Red Knight/RedKnight/FBX/Characters/M05.fbx
  artifactKey: Guid(7a5a3e219870e1b42ba792e890964c79) Importer(815301076,1909f56bfc062723c751e8b465ee728b)
Start importing Assets/1_Download/Red Knight/RedKnight/FBX/Characters/M05.fbx using Guid(7a5a3e219870e1b42ba792e890964c79) Importer(815301076,1909f56bfc062723c751e8b465ee728b)  -> (artifact id: '60bf7712a39400177dbe9e785930a4e0') in 0.426879 seconds
Number of updated asset objects reloaded before import = 0
Number of asset objects unloaded after import = 457
========================================================================
Received Import Request.
  Time since last request: 1993.583112 seconds.
  path: Assets/1_Download/Red Knight/RedKnight/Texture/M05
  artifactKey: Guid(18e0f913ca700374795050135ffc91d3) Importer(815301076,1909f56bfc062723c751e8b465ee728b)
Start importing Assets/1_Download/Red Knight/RedKnight/Texture/M05 using Guid(18e0f913ca700374795050135ffc91d3) Importer(815301076,1909f56bfc062723c751e8b465ee728b)  -> (artifact id: '8c53f9868d2b9e7e4577de6709443427') in 0.000834 seconds
Number of updated asset objects reloaded before import = 0
Number of asset objects unloaded after import = 0
========================================================================
Received Import Request.
  Time since last request: 0.056682 seconds.
  path: Assets/1_Download/Red Knight/RedKnight/Texture/M05/Hair05.png
  artifactKey: Guid(1303b400492408040af1bc0113dbdf26) Importer(815301076,1909f56bfc062723c751e8b465ee728b)
Start importing Assets/1_Download/Red Knight/RedKnight/Texture/M05/Hair05.png using Guid(1303b400492408040af1bc0113dbdf26) Importer(815301076,1909f56bfc062723c751e8b465ee728b)  -> (artifact id: '5d7b2c635fa849cba64be6f9046945ad') in 0.036834 seconds
Number of updated asset objects reloaded before import = 0
Number of asset objects unloaded after import = 2
========================================================================
Received Import Request.
  Time since last request: 3.653056 seconds.
  path: Assets/1_Download/Red Knight/RedKnight/Texture/Skin&Hair&Face/Face
  artifactKey: Guid(c886746415d6c8f4780daf0f01f95c26) Importer(815301076,1909f56bfc062723c751e8b465ee728b)
Start importing Assets/1_Download/Red Knight/RedKnight/Texture/Skin&Hair&Face/Face using Guid(c886746415d6c8f4780daf0f01f95c26) Importer(815301076,1909f56bfc062723c751e8b465ee728b)  -> (artifact id: 'dd0cc3c3b16a9d13ffe78c5dba84b82d') in 0.000593 seconds
Number of updated asset objects reloaded before import = 0
Number of asset objects unloaded after import = 0
========================================================================
Received Import Request.
  Time since last request: 0.060874 seconds.
  path: Assets/1_Download/Red Knight/RedKnight/Texture/Skin&Hair&Face/Face/Face.png
  artifactKey: Guid(7cf34e393e28c7346a64a3735dd2d82e) Importer(815301076,1909f56bfc062723c751e8b465ee728b)
Start importing Assets/1_Download/Red Knight/RedKnight/Texture/Skin&Hair&Face/Face/Face.png using Guid(7cf34e393e28c7346a64a3735dd2d82e) Importer(815301076,1909f56bfc062723c751e8b465ee728b)  -> (artifact id: 'e2688a63d516a467b7d68b35406fb563') in 0.036187 seconds
Number of updated asset objects reloaded before import = 0
Number of asset objects unloaded after import = 2
========================================================================
Received Import Request.
  Time since last request: 0.000044 seconds.
  path: Assets/1_Download/Red Knight/RedKnight/Texture/Skin&Hair&Face/Face/Skin.png
  artifactKey: Guid(f769d3d8854002d4ab7eb9e9fbe5bbed) Importer(815301076,1909f56bfc062723c751e8b465ee728b)
Start importing Assets/1_Download/Red Knight/RedKnight/Texture/Skin&Hair&Face/Face/Skin.png using Guid(f769d3d8854002d4ab7eb9e9fbe5bbed) Importer(815301076,1909f56bfc062723c751e8b465ee728b)  -> (artifact id: '204438b14fd747824ecbfff2b1b2262b') in 0.026859 seconds
Number of updated asset objects reloaded before import = 0
Number of asset objects unloaded after import = 2
========================================================================
Received Import Request.
  Time since last request: 3.170547 seconds.
  path: Assets/1_Download/Red Knight/RedKnight/Texture/Tutorial/height map.png
  artifactKey: Guid(740be21ba89b3f14e93c9a0c2a61ecd8) Importer(815301076,1909f56bfc062723c751e8b465ee728b)
Start importing Assets/1_Download/Red Knight/RedKnight/Texture/Tutorial/height map.png using Guid(740be21ba89b3f14e93c9a0c2a61ecd8) Importer(815301076,1909f56bfc062723c751e8b465ee728b)  -> (artifact id: '64a27c860f43660e2a382fe843d4fd09') in 0.017333 seconds
Number of updated asset objects reloaded before import = 0
Number of asset objects unloaded after import = 2
========================================================================
Received Import Request.
  Time since last request: 0.000029 seconds.
  path: Assets/1_Download/Red Knight/RedKnight/Texture/Tutorial/Secondary Albedo.png
  artifactKey: Guid(90d39076bfe6a514cbba0a0f709b2a75) Importer(815301076,1909f56bfc062723c751e8b465ee728b)
Start importing Assets/1_Download/Red Knight/RedKnight/Texture/Tutorial/Secondary Albedo.png using Guid(90d39076bfe6a514cbba0a0f709b2a75) Importer(815301076,1909f56bfc062723c751e8b465ee728b)  -> (artifact id: 'c009e36e5092af8e823e7f2d2f2cc76c') in 0.026056 seconds
Number of updated asset objects reloaded before import = 0
Number of asset objects unloaded after import = 2
========================================================================
Received Import Request.
  Time since last request: 0.000030 seconds.
  path: Assets/1_Download/Red Knight/RedKnight/Texture/Tutorial/Secondary Normal map.png
  artifactKey: Guid(1d30504431e55aa4aa8b2c936cbad348) Importer(815301076,1909f56bfc062723c751e8b465ee728b)
Start importing Assets/1_Download/Red Knight/RedKnight/Texture/Tutorial/Secondary Normal map.png using Guid(1d30504431e55aa4aa8b2c936cbad348) Importer(815301076,1909f56bfc062723c751e8b465ee728b)  -> (artifact id: 'b644f9a01e61b1aa5a735956d97f7638') in 0.021921 seconds
Number of updated asset objects reloaded before import = 0
Number of asset objects unloaded after import = 2
========================================================================
Received Import Request.
  Time since last request: 83.585504 seconds.
  path: Assets/1_Download/Red Knight/RedKnight/Materials/Brick.mat
  artifactKey: Guid(37fe26ac988a3034cb41e5e7f1b41e91) Importer(815301076,1909f56bfc062723c751e8b465ee728b)
Start importing Assets/1_Download/Red Knight/RedKnight/Materials/Brick.mat using Guid(37fe26ac988a3034cb41e5e7f1b41e91) Importer(815301076,1909f56bfc062723c751e8b465ee728b)  -> (artifact id: '946758269a11d9b9f18d9a8f6aad03e4') in 0.037092 seconds
Number of updated asset objects reloaded before import = 0
Number of asset objects unloaded after import = 1
========================================================================
Received Import Request.
  Time since last request: 163.074600 seconds.
  path: Assets/1_Download/Red Knight/UI/anim_button1.png
  artifactKey: Guid(51eefa83fcba3224ea26f21c49c5697d) Importer(815301076,1909f56bfc062723c751e8b465ee728b)
Start importing Assets/1_Download/Red Knight/UI/anim_button1.png using Guid(51eefa83fcba3224ea26f21c49c5697d) Importer(815301076,1909f56bfc062723c751e8b465ee728b)  -> (artifact id: '09dcc6ba159b2da5ef412404ef5e3968') in 0.037403 seconds
Number of updated asset objects reloaded before import = 0
Number of asset objects unloaded after import = 3
========================================================================
Received Import Request.
  Time since last request: 0.000020 seconds.
  path: Assets/1_Download/Red Knight/UI/Floor_creation2.png
  artifactKey: Guid(c80a4253c6284824d9da5281a7429b38) Importer(815301076,1909f56bfc062723c751e8b465ee728b)
Start importing Assets/1_Download/Red Knight/UI/Floor_creation2.png using Guid(c80a4253c6284824d9da5281a7429b38) Importer(815301076,1909f56bfc062723c751e8b465ee728b)  -> (artifact id: '5ff13677d8daf426ad78a628d82047b1') in 0.030941 seconds
Number of updated asset objects reloaded before import = 0
Number of asset objects unloaded after import = 2
========================================================================
Received Import Request.
  Time since last request: 0.000029 seconds.
  path: Assets/1_Download/Red Knight/UI/frame.png
  artifactKey: Guid(46223ba009268c94c935ed31f5c3fae5) Importer(815301076,1909f56bfc062723c751e8b465ee728b)
Start importing Assets/1_Download/Red Knight/UI/frame.png using Guid(46223ba009268c94c935ed31f5c3fae5) Importer(815301076,1909f56bfc062723c751e8b465ee728b)  -> (artifact id: 'eaefafc1c9c514a738b4ba522e963317') in 0.027825 seconds
Number of updated asset objects reloaded before import = 0
Number of asset objects unloaded after import = 3
========================================================================
Received Import Request.
  Time since last request: 0.000022 seconds.
  path: Assets/1_Download/Red Knight/RedKnight/Fx/fx2.png
  artifactKey: Guid(0d0e8699b230ccc4dba6a03b260e7fef) Importer(815301076,1909f56bfc062723c751e8b465ee728b)
Start importing Assets/1_Download/Red Knight/RedKnight/Fx/fx2.png using Guid(0d0e8699b230ccc4dba6a03b260e7fef) Importer(815301076,1909f56bfc062723c751e8b465ee728b)  -> (artifact id: 'e6b4cd6429e7928942068492827e5d1a') in 0.022722 seconds
Number of updated asset objects reloaded before import = 0
Number of asset objects unloaded after import = 2
========================================================================
Received Import Request.
  Time since last request: 0.000027 seconds.
  path: Assets/1_Download/Red Knight/UnityChanShader/FO_CLOTH1.tga
  artifactKey: Guid(fb21edd4942fe494c9db6df7c4256d59) Importer(815301076,1909f56bfc062723c751e8b465ee728b)
Start importing Assets/1_Download/Red Knight/UnityChanShader/FO_CLOTH1.tga using Guid(fb21edd4942fe494c9db6df7c4256d59) Importer(815301076,1909f56bfc062723c751e8b465ee728b)  -> (artifact id: '99140f32ec138f5f40a2d55ca9ff3ed6') in 0.020642 seconds
Number of updated asset objects reloaded before import = 0
Number of asset objects unloaded after import = 2
========================================================================
Received Import Request.
  Time since last request: 0.000017 seconds.
  path: Assets/1_Download/Red Knight/UnityChanShader/FO_SKIN1.tga
  artifactKey: Guid(53ba3cfb9b246fd4f9098e204d897e60) Importer(815301076,1909f56bfc062723c751e8b465ee728b)
Start importing Assets/1_Download/Red Knight/UnityChanShader/FO_SKIN1.tga using Guid(53ba3cfb9b246fd4f9098e204d897e60) Importer(815301076,1909f56bfc062723c751e8b465ee728b)  -> (artifact id: 'bf33d4be9d0442dcd420f72c1429e08c') in 0.018399 seconds
Number of updated asset objects reloaded before import = 0
Number of asset objects unloaded after import = 2
========================================================================
Received Import Request.
  Time since last request: 0.000139 seconds.
  path: Assets/1_Download/Red Knight/RedKnight/Texture/Weapon/SwordM05.png
  artifactKey: Guid(a7a0f588aba52704a8b9531004bf6b23) Importer(815301076,1909f56bfc062723c751e8b465ee728b)
Start importing Assets/1_Download/Red Knight/RedKnight/Texture/Weapon/SwordM05.png using Guid(a7a0f588aba52704a8b9531004bf6b23) Importer(815301076,1909f56bfc062723c751e8b465ee728b)  -> (artifact id: '871d359c616ee9e736f873f8e39567d0') in 0.023763 seconds
Number of updated asset objects reloaded before import = 0
Number of asset objects unloaded after import = 2
========================================================================
Received Import Request.
  Time since last request: 55.624060 seconds.
  path: Assets/1_Download/Red Knight/RedKnight/Materials/Brick.mat
  artifactKey: Guid(37fe26ac988a3034cb41e5e7f1b41e91) Importer(815301076,1909f56bfc062723c751e8b465ee728b)
Start importing Assets/1_Download/Red Knight/RedKnight/Materials/Brick.mat using Guid(37fe26ac988a3034cb41e5e7f1b41e91) Importer(815301076,1909f56bfc062723c751e8b465ee728b)  -> (artifact id: '0f231a9b2bb8197b550fc7a0a91d495d') in 0.237931 seconds
Number of updated asset objects reloaded before import = 0
Number of asset objects unloaded after import = 3
========================================================================
Received Import Request.
  Time since last request: 35.659936 seconds.
  path: Assets/1_Download/Red Knight/RedKnight/Materials/Other/Floor.mat
  artifactKey: Guid(dfbabd5d818e1b94990d7c9bc26fd739) Importer(815301076,1909f56bfc062723c751e8b465ee728b)
Start importing Assets/1_Download/Red Knight/RedKnight/Materials/Other/Floor.mat using Guid(dfbabd5d818e1b94990d7c9bc26fd739) Importer(815301076,1909f56bfc062723c751e8b465ee728b)  -> (artifact id: '4d7fcdc48aa78ec7e627d3b858308279') in 0.022654 seconds
Number of updated asset objects reloaded before import = 0
Number of asset objects unloaded after import = 4
========================================================================
Received Import Request.
  Time since last request: 0.483639 seconds.
  path: Assets/1_Download/Red Knight/RedKnight/Materials/Characters/M05.mat
  artifactKey: Guid(0957fffbd8f7ab84a9075733b67fed01) Importer(815301076,1909f56bfc062723c751e8b465ee728b)
Start importing Assets/1_Download/Red Knight/RedKnight/Materials/Characters/M05.mat using Guid(0957fffbd8f7ab84a9075733b67fed01) Importer(815301076,1909f56bfc062723c751e8b465ee728b)  -> (artifact id: '20b58c54a47baff0244a24cfe08a02e5') in 0.016750 seconds
Number of updated asset objects reloaded before import = 0
Number of asset objects unloaded after import = 4
========================================================================
Received Import Request.
  Time since last request: 1.309920 seconds.
  path: Assets/1_Download/Red Knight/RedKnight/Materials/Skin&Hair&Face/Hair05.mat
  artifactKey: Guid(759d477d80623a74fb90027ee36eb008) Importer(815301076,1909f56bfc062723c751e8b465ee728b)
Start importing Assets/1_Download/Red Knight/RedKnight/Materials/Skin&Hair&Face/Hair05.mat using Guid(759d477d80623a74fb90027ee36eb008) Importer(815301076,1909f56bfc062723c751e8b465ee728b)  -> (artifact id: 'dd36176ce3536f4783c7c14d7729f960') in 0.020610 seconds
Number of updated asset objects reloaded before import = 0
Number of asset objects unloaded after import = 4
========================================================================
Received Import Request.
  Time since last request: 1.111720 seconds.
  path: Assets/1_Download/Red Knight/RedKnight/Materials/Weapon/SwordM05.mat
  artifactKey: Guid(44e499ac765c77e419bb600ecfbc81df) Importer(815301076,1909f56bfc062723c751e8b465ee728b)
Start importing Assets/1_Download/Red Knight/RedKnight/Materials/Weapon/SwordM05.mat using Guid(44e499ac765c77e419bb600ecfbc81df) Importer(815301076,1909f56bfc062723c751e8b465ee728b)  -> (artifact id: 'fb2b53d2a814bc5c4127120e8f1020c3') in 0.015836 seconds
Number of updated asset objects reloaded before import = 0
Number of asset objects unloaded after import = 4
========================================================================
Received Import Request.
  Time since last request: 46.797906 seconds.
  path: Assets/1_Download/Red Knight/RedKnight/Texture/Tutorial/Normal Map.png
  artifactKey: Guid(a0b0cc7ad4072944ab98d62c80833f14) Importer(815301076,1909f56bfc062723c751e8b465ee728b)
Start importing Assets/1_Download/Red Knight/RedKnight/Texture/Tutorial/Normal Map.png using Guid(a0b0cc7ad4072944ab98d62c80833f14) Importer(815301076,1909f56bfc062723c751e8b465ee728b)  -> (artifact id: '695e1b26673e6a2a8b3367d02d9b83d8') in 0.022953 seconds
Number of updated asset objects reloaded before import = 0
Number of asset objects unloaded after import = 2
========================================================================
Received Import Request.
  Time since last request: 2.159867 seconds.
  path: Assets/1_Download/Red Knight/RedKnight/Materials/Brick.mat
  artifactKey: Guid(37fe26ac988a3034cb41e5e7f1b41e91) Importer(815301076,1909f56bfc062723c751e8b465ee728b)
Start importing Assets/1_Download/Red Knight/RedKnight/Materials/Brick.mat using Guid(37fe26ac988a3034cb41e5e7f1b41e91) Importer(815301076,1909f56bfc062723c751e8b465ee728b)  -> (artifact id: '13216e741a8119e1140a89ac746a6a59') in 0.014438 seconds
Number of updated asset objects reloaded before import = 0
Number of asset objects unloaded after import = 3
========================================================================
Received Import Request.
  Time since last request: 12.416389 seconds.
  path: Assets/1_Download/Red Knight/RedKnight/Texture/Tutorial/Secondary Normal map.png
  artifactKey: Guid(1d30504431e55aa4aa8b2c936cbad348) Importer(815301076,1909f56bfc062723c751e8b465ee728b)
Start importing Assets/1_Download/Red Knight/RedKnight/Texture/Tutorial/Secondary Normal map.png using Guid(1d30504431e55aa4aa8b2c936cbad348) Importer(815301076,1909f56bfc062723c751e8b465ee728b)  -> (artifact id: '19bb6ad4bbbcf369cb094b944af42971') in 0.023348 seconds
Number of updated asset objects reloaded before import = 0
Number of asset objects unloaded after import = 2
========================================================================
Received Import Request.
  Time since last request: 941.870777 seconds.
  path: Assets/2_Art/Animator
  artifactKey: Guid(cae062d30fb375a40b56d5696c5a670b) Importer(815301076,1909f56bfc062723c751e8b465ee728b)
Start importing Assets/2_Art/Animator using Guid(cae062d30fb375a40b56d5696c5a670b) Importer(815301076,1909f56bfc062723c751e8b465ee728b)  -> (artifact id: '69fcb45839ac0a2d2138552f67549bcc') in 0.000598 seconds
Number of updated asset objects reloaded before import = 0
Number of asset objects unloaded after import = 0
========================================================================
Received Import Request.
  Time since last request: 15.922151 seconds.
  path: Assets/2_Art/Animator/Cube_AC.controller
  artifactKey: Guid(a9b44d9860caff9489150955720b14b4) Importer(815301076,1909f56bfc062723c751e8b465ee728b)
Start importing Assets/2_Art/Animator/Cube_AC.controller using Guid(a9b44d9860caff9489150955720b14b4) Importer(815301076,1909f56bfc062723c751e8b465ee728b)  -> (artifact id: '88a53a5835fb4f1aa5d1e0d47b52a7d8') in 0.001722 seconds
Number of updated asset objects reloaded before import = 0
Number of asset objects unloaded after import = 1
========================================================================
Received Prepare
Begin MonoManager ReloadAssembly
- Loaded All Assemblies, in  0.564 seconds
Refreshing native plugins compatible for Editor in 3.31 ms, found 3 plugins.
Native extension for WindowsStandalone target not found
[Package Manager] Server::EnsureServerProcessIsRunning -- launch failed, reason: Unity was launched with the -noUpm command-line argument
[Package Manager] UpmClient::Send -- Unable to send message (not connected to UPM process).
[Package Manager] Cannot connect to Unity Package Manager local server
Mono: successfully reloaded assembly
- Finished resetting the current domain, in  1.203 seconds
Domain Reload Profiling: 1764ms
	BeginReloadAssembly (182ms)
		ExecutionOrderSort (0ms)
		DisableScriptedObjects (6ms)
		BackupInstance (0ms)
		ReleaseScriptingObjects (0ms)
		CreateAndSetChildDomain (45ms)
	RebuildCommonClasses (38ms)
	RebuildNativeTypeToScriptingClass (18ms)
	initialDomainReloadingComplete (46ms)
	LoadAllAssembliesAndSetupDomain (277ms)
		LoadAssemblies (360ms)
		RebuildTransferFunctionScriptingTraits (0ms)
		AnalyzeDomain (15ms)
			TypeCache.Refresh (6ms)
				TypeCache.ScanAssembly (0ms)
			ScanForSourceGeneratedMonoScriptInfo (0ms)
			ResolveRequiredComponents (8ms)
	FinalizeReload (1204ms)
		ReleaseScriptCaches (0ms)
		RebuildScriptCaches (0ms)
		SetupLoadedEditorAssemblies (622ms)
			LogAssemblyErrors (0ms)
			InitializePlatformSupportModulesInManaged (7ms)
			SetLoadedEditorAssemblies (7ms)
			RefreshPlugins (0ms)
			BeforeProcessingInitializeOnLoad (129ms)
			ProcessInitializeOnLoadAttributes (438ms)
			ProcessInitializeOnLoadMethodAttributes (32ms)
			AfterProcessingInitializeOnLoad (9ms)
			EditorAssembliesLoaded (0ms)
		ExecutionOrderSort2 (0ms)
		AwakeInstancesAfterBackupRestoration (8ms)
Refreshing native plugins compatible for Editor in 3.37 ms, found 3 plugins.
Preloading 0 native plugins for Editor in 0.00 ms.
Unloading 3092 Unused Serialized files (Serialized files now loaded: 0)
Unloading 23 unused Assets / (31.0 KB). Loaded Objects now: 3637.
Memory consumption went from 134.6 MB to 134.6 MB.
Total: 4.146400 ms (FindLiveObjects: 0.382700 ms CreateObjectMapping: 0.402000 ms MarkObjects: 3.281400 ms  DeleteObjects: 0.078400 ms)

Prepare: number of updated asset objects reloaded= 0
AssetImportParameters requested are different than current active one (requested -> active):
  custom:container-demuxer-ogg: 62fdf1f143b41e24485cea50d1cbac27 -> 
  custom:video-decoder-ogg-theora: a1e56fd34408186e4bbccfd4996cb3dc -> 
  custom:framework-win-MediaFoundation: 216162199b28c13a410421893ffa2e32 -> 
  custom:CustomObjectIndexerAttribute: 756ad292c208cfabdd7b50bc23989ffe -> 
  custom:container-demuxer-webm: 4f35f7cbe854078d1ac9338744f61a02 -> 
  custom:container-muxer-webm: aa71ff27fc2769a1b78a27578f13a17b -> 
  custom:video-decoder-webm-vp8: 9c59270c3fd7afecdb556c50c9e8de78 -> 
  custom:SearchIndexIgnoredProperties: e643bd26f0fe6173181afceb89e7c659 -> 
  custom:AudioImporter_EditorPlatform: d09bf68614088b80899f8185d706f6e7 -> 
  custom:video-encoder-webm-vp8: eb34c28f22e8b96e1ab97ce403110664 -> 
  custom:audio-decoder-ogg-vorbis: bf7c407c2cedff20999df2af8eb42d56 -> 
  custom:audio-encoder-webm-vorbis: bf7c407c2cedff20999df2af8eb42d56 -> 
========================================================================
Received Import Request.
  Time since last request: 924.493387 seconds.
  path: Assets/1_Download/Red Knight/Animations/Animations_v3/AnimSD@Sleep.fbx
  artifactKey: Guid(ba5d175f16c37614cb1c5de8083e31ee) Importer(815301076,1909f56bfc062723c751e8b465ee728b)
Start importing Assets/1_Download/Red Knight/Animations/Animations_v3/AnimSD@Sleep.fbx using Guid(ba5d175f16c37614cb1c5de8083e31ee) Importer(815301076,1909f56bfc062723c751e8b465ee728b)  -> (artifact id: '3fdf32905d91d4f3b88c0265950078b6') in 0.035242 seconds
Number of updated asset objects reloaded before import = 0
Number of asset objects unloaded after import = 161
========================================================================
Received Import Request.
  Time since last request: 0.000014 seconds.
  path: Assets/1_Download/Red Knight/Animations/Animations_v3/AnimSD@Tired.fbx
  artifactKey: Guid(b1b03bc65d9db314ab3d4adbc9b01134) Importer(815301076,1909f56bfc062723c751e8b465ee728b)
Start importing Assets/1_Download/Red Knight/Animations/Animations_v3/AnimSD@Tired.fbx using Guid(b1b03bc65d9db314ab3d4adbc9b01134) Importer(815301076,1909f56bfc062723c751e8b465ee728b)  -> (artifact id: '0c2c30c8c47db530ad6ae7a9ccf87e9c') in 0.004450 seconds
Number of updated asset objects reloaded before import = 0
Number of asset objects unloaded after import = 161
========================================================================
Received Import Request.
  Time since last request: 0.000015 seconds.
  path: Assets/1_Download/Red Knight/Animations/Animations_v3/AnimSD@Victory.fbx
  artifactKey: Guid(b155e52766e83b947ab3f2ccb6b77621) Importer(815301076,1909f56bfc062723c751e8b465ee728b)
Start importing Assets/1_Download/Red Knight/Animations/Animations_v3/AnimSD@Victory.fbx using Guid(b155e52766e83b947ab3f2ccb6b77621) Importer(815301076,1909f56bfc062723c751e8b465ee728b)  -> (artifact id: '9e7e6de9e83f0a710159f914e663a271') in 0.003967 seconds
Number of updated asset objects reloaded before import = 0
Number of asset objects unloaded after import = 161
========================================================================
Received Import Request.
  Time since last request: 51.905401 seconds.
  path: Assets/1_Download/Red Knight/Animations/Animations_v3/AnimSD@VictoryB.fbx
  artifactKey: Guid(18ac34a3668bfc14db3dd9cfe5cba355) Importer(815301076,1909f56bfc062723c751e8b465ee728b)
Start importing Assets/1_Download/Red Knight/Animations/Animations_v3/AnimSD@VictoryB.fbx using Guid(18ac34a3668bfc14db3dd9cfe5cba355) Importer(815301076,1909f56bfc062723c751e8b465ee728b)  -> (artifact id: '29189fc8b557335869eb039423ae57c0') in 0.004332 seconds
Number of updated asset objects reloaded before import = 0
Number of asset objects unloaded after import = 165
========================================================================
Received Import Request.
  Time since last request: 0.000013 seconds.
  path: Assets/1_Download/Red Knight/Animations/Animations_v3/AnimSD@Walk_R.fbx
  artifactKey: Guid(91cb7646fccd7c54c93ebf1bcef96d2e) Importer(815301076,1909f56bfc062723c751e8b465ee728b)
Start importing Assets/1_Download/Red Knight/Animations/Animations_v3/AnimSD@Walk_R.fbx using Guid(91cb7646fccd7c54c93ebf1bcef96d2e) Importer(815301076,1909f56bfc062723c751e8b465ee728b)  -> (artifact id: 'dd0a2f725bf84ceb854df9d371bf1624') in 0.004633 seconds
Number of updated asset objects reloaded before import = 0
Number of asset objects unloaded after import = 161
========================================================================
Received Import Request.
  Time since last request: 0.000015 seconds.
  path: Assets/1_Download/Red Knight/Animations/Animations_v3/Avatar_SD.fbx
  artifactKey: Guid(f6ea48566e261a24c899951cb7f1f6c5) Importer(815301076,1909f56bfc062723c751e8b465ee728b)
Start importing Assets/1_Download/Red Knight/Animations/Animations_v3/Avatar_SD.fbx using Guid(f6ea48566e261a24c899951cb7f1f6c5) Importer(815301076,1909f56bfc062723c751e8b465ee728b)  -> (artifact id: '178c0061bf6e47980afc031293a98a73') in 0.005913 seconds
Number of updated asset objects reloaded before import = 0
Number of asset objects unloaded after import = 166
========================================================================
Received Import Request.
  Time since last request: 143.521458 seconds.
  path: Assets/1_Download/Red Knight/RedKnight/FBX/Weapon/Sword_M05.fbx
  artifactKey: Guid(db4594b430fbffc4784480d4a40e5f1b) Importer(815301076,1909f56bfc062723c751e8b465ee728b)
Start importing Assets/1_Download/Red Knight/RedKnight/FBX/Weapon/Sword_M05.fbx using Guid(db4594b430fbffc4784480d4a40e5f1b) Importer(815301076,1909f56bfc062723c751e8b465ee728b)  -> (artifact id: 'f5a395c7d8dde2eec1aea961ab253692') in 0.078634 seconds
Number of updated asset objects reloaded before import = 0
Number of asset objects unloaded after import = 13
========================================================================
Received Import Request.
  Time since last request: 176.361311 seconds.
  path: Assets/2_Art/Animator/RedKnight.controller
  artifactKey: Guid(87be6e8f16c21464ab4cab39f66f72a6) Importer(815301076,1909f56bfc062723c751e8b465ee728b)
Start importing Assets/2_Art/Animator/RedKnight.controller using Guid(87be6e8f16c21464ab4cab39f66f72a6) Importer(815301076,1909f56bfc062723c751e8b465ee728b)  -> (artifact id: 'e5bf2738997b7805e4ee32a57f1721eb') in 0.001710 seconds
Number of updated asset objects reloaded before import = 0
Number of asset objects unloaded after import = 1
========================================================================
Received Prepare
Begin MonoManager ReloadAssembly
- Loaded All Assemblies, in  0.542 seconds
Refreshing native plugins compatible for Editor in 3.67 ms, found 3 plugins.
Native extension for WindowsStandalone target not found
[Package Manager] Server::EnsureServerProcessIsRunning -- launch failed, reason: Unity was launched with the -noUpm command-line argument
[Package Manager] UpmClient::Send -- Unable to send message (not connected to UPM process).
[Package Manager] Cannot connect to Unity Package Manager local server
Mono: successfully reloaded assembly
- Finished resetting the current domain, in  1.164 seconds
Domain Reload Profiling: 1703ms
	BeginReloadAssembly (180ms)
		ExecutionOrderSort (0ms)
		DisableScriptedObjects (6ms)
		BackupInstance (0ms)
		ReleaseScriptingObjects (0ms)
		CreateAndSetChildDomain (39ms)
	RebuildCommonClasses (37ms)
	RebuildNativeTypeToScriptingClass (13ms)
	initialDomainReloadingComplete (34ms)
	LoadAllAssembliesAndSetupDomain (275ms)
		LoadAssemblies (360ms)
		RebuildTransferFunctionScriptingTraits (0ms)
		AnalyzeDomain (15ms)
			TypeCache.Refresh (8ms)
				TypeCache.ScanAssembly (0ms)
			ScanForSourceGeneratedMonoScriptInfo (0ms)
			ResolveRequiredComponents (6ms)
	FinalizeReload (1164ms)
		ReleaseScriptCaches (0ms)
		RebuildScriptCaches (0ms)
		SetupLoadedEditorAssemblies (591ms)
			LogAssemblyErrors (0ms)
			InitializePlatformSupportModulesInManaged (10ms)
			SetLoadedEditorAssemblies (8ms)
			RefreshPlugins (0ms)
			BeforeProcessingInitializeOnLoad (119ms)
			ProcessInitializeOnLoadAttributes (418ms)
			ProcessInitializeOnLoadMethodAttributes (28ms)
			AfterProcessingInitializeOnLoad (8ms)
			EditorAssembliesLoaded (0ms)
		ExecutionOrderSort2 (0ms)
		AwakeInstancesAfterBackupRestoration (8ms)
Refreshing native plugins compatible for Editor in 3.83 ms, found 3 plugins.
Preloading 0 native plugins for Editor in 0.00 ms.
Unloading 3092 Unused Serialized files (Serialized files now loaded: 0)
Unloading 23 unused Assets / (31.2 KB). Loaded Objects now: 3640.
Memory consumption went from 136.6 MB to 136.6 MB.
Total: 3.383200 ms (FindLiveObjects: 0.350200 ms CreateObjectMapping: 0.221100 ms MarkObjects: 2.761000 ms  DeleteObjects: 0.049600 ms)

Prepare: number of updated asset objects reloaded= 0
AssetImportParameters requested are different than current active one (requested -> active):
  custom:container-demuxer-ogg: 62fdf1f143b41e24485cea50d1cbac27 -> 
  custom:video-decoder-ogg-theora: a1e56fd34408186e4bbccfd4996cb3dc -> 
  custom:framework-win-MediaFoundation: 216162199b28c13a410421893ffa2e32 -> 
  custom:CustomObjectIndexerAttribute: 756ad292c208cfabdd7b50bc23989ffe -> 
  custom:container-demuxer-webm: 4f35f7cbe854078d1ac9338744f61a02 -> 
  custom:container-muxer-webm: aa71ff27fc2769a1b78a27578f13a17b -> 
  custom:video-decoder-webm-vp8: 9c59270c3fd7afecdb556c50c9e8de78 -> 
  custom:SearchIndexIgnoredProperties: e643bd26f0fe6173181afceb89e7c659 -> 
  custom:AudioImporter_EditorPlatform: d09bf68614088b80899f8185d706f6e7 -> 
  custom:video-encoder-webm-vp8: eb34c28f22e8b96e1ab97ce403110664 -> 
  custom:audio-decoder-ogg-vorbis: bf7c407c2cedff20999df2af8eb42d56 -> 
  custom:audio-encoder-webm-vorbis: bf7c407c2cedff20999df2af8eb42d56 -> 
========================================================================
Received Import Request.
  Time since last request: 894.485569 seconds.
  path: Assets/Camera/Scripts
  artifactKey: Guid(6936e9505ef28a1499ced23bb18ab1f6) Importer(815301076,1909f56bfc062723c751e8b465ee728b)
Start importing Assets/Camera/Scripts using Guid(6936e9505ef28a1499ced23bb18ab1f6) Importer(815301076,1909f56bfc062723c751e8b465ee728b)  -> (artifact id: 'ba5ffc349729c337d8e4374a4b8d65b7') in 0.002830 seconds
Number of updated asset objects reloaded before import = 0
Number of asset objects unloaded after import = 0
========================================================================
Received Import Request.
  Time since last request: 1.514685 seconds.
  path: Assets/Camera/Scripts/PlayerControler.cs
  artifactKey: Guid(96524037f0340ec448f6dd7fe1d7e86c) Importer(815301076,1909f56bfc062723c751e8b465ee728b)
Start importing Assets/Camera/Scripts/PlayerControler.cs using Guid(96524037f0340ec448f6dd7fe1d7e86c) Importer(815301076,1909f56bfc062723c751e8b465ee728b)  -> (artifact id: '395fed5c3ed72bcffa386e42399d460e') in 0.000521 seconds
Number of updated asset objects reloaded before import = 0
Number of asset objects unloaded after import = 0
========================================================================
Received Import Request.
  Time since last request: 27.366256 seconds.
  path: Assets/Scenes/Sample01.unity
  artifactKey: Guid(9fc0d4010bbf28b4594072e72b8655ab) Importer(815301076,1909f56bfc062723c751e8b465ee728b)
Start importing Assets/Scenes/Sample01.unity using Guid(9fc0d4010bbf28b4594072e72b8655ab) Importer(815301076,1909f56bfc062723c751e8b465ee728b)  -> (artifact id: '38ab17de3389275a3f6d6ff41e094a18') in 0.000641 seconds
Number of updated asset objects reloaded before import = 0
Number of asset objects unloaded after import = 0
========================================================================
Received Import Request.
  Time since last request: 1.073078 seconds.
  path: Assets/Scenes/EventFuctionScene.unity
  artifactKey: Guid(4bbbf357ec9f27b459c9083a01df2d0c) Importer(815301076,1909f56bfc062723c751e8b465ee728b)
Start importing Assets/Scenes/EventFuctionScene.unity using Guid(4bbbf357ec9f27b459c9083a01df2d0c) Importer(815301076,1909f56bfc062723c751e8b465ee728b)  -> (artifact id: 'c832d8b9e8a1870a70f8b7fa8e3e3c8b') in 0.000549 seconds
Number of updated asset objects reloaded before import = 0
Number of asset objects unloaded after import = 0
========================================================================
Received Import Request.
  Time since last request: 22.540379 seconds.
  path: Assets/Camera/Material/Floor.mat
  artifactKey: Guid(33a0a0a87081b2f4f9ce310bd49278c3) Importer(815301076,1909f56bfc062723c751e8b465ee728b)
Start importing Assets/Camera/Material/Floor.mat using Guid(33a0a0a87081b2f4f9ce310bd49278c3) Importer(815301076,1909f56bfc062723c751e8b465ee728b)  -> (artifact id: 'db5299f5fab3e0a85a50a14f8f79e8b3') in 0.115048 seconds
Number of updated asset objects reloaded before import = 0
Number of asset objects unloaded after import = 2
========================================================================
Received Import Request.
  Time since last request: 0.000027 seconds.
  path: Assets/Camera/Material/Player.mat
  artifactKey: Guid(9b8afa22e887f9a48a8b2c47e81a2f1d) Importer(815301076,1909f56bfc062723c751e8b465ee728b)
Start importing Assets/Camera/Material/Player.mat using Guid(9b8afa22e887f9a48a8b2c47e81a2f1d) Importer(815301076,1909f56bfc062723c751e8b465ee728b)  -> (artifact id: 'dea21093b930875fff7e0b3744d6c19e') in 0.018131 seconds
Number of updated asset objects reloaded before import = 0
Number of asset objects unloaded after import = 1
========================================================================
Received Import Request.
  Time since last request: 2.801800 seconds.
  path: Assets/Camera/CameraSetting.unity
  artifactKey: Guid(1b1cf58d677309042a481efb1981b3c5) Importer(815301076,1909f56bfc062723c751e8b465ee728b)
Start importing Assets/Camera/CameraSetting.unity using Guid(1b1cf58d677309042a481efb1981b3c5) Importer(815301076,1909f56bfc062723c751e8b465ee728b)  -> (artifact id: 'e7892f24cd3c7f4138a6038e1e8dcb79') in 0.000549 seconds
Number of updated asset objects reloaded before import = 0
Number of asset objects unloaded after import = 0
========================================================================
Received Prepare
Begin MonoManager ReloadAssembly
- Loaded All Assemblies, in  0.565 seconds
Refreshing native plugins compatible for Editor in 3.41 ms, found 3 plugins.
Native extension for WindowsStandalone target not found
[Package Manager] Server::EnsureServerProcessIsRunning -- launch failed, reason: Unity was launched with the -noUpm command-line argument
[Package Manager] UpmClient::Send -- Unable to send message (not connected to UPM process).
[Package Manager] Cannot connect to Unity Package Manager local server
Mono: successfully reloaded assembly
- Finished resetting the current domain, in  1.043 seconds
Domain Reload Profiling: 1605ms
	BeginReloadAssembly (187ms)
		ExecutionOrderSort (0ms)
		DisableScriptedObjects (6ms)
		BackupInstance (0ms)
		ReleaseScriptingObjects (0ms)
		CreateAndSetChildDomain (41ms)
	RebuildCommonClasses (39ms)
	RebuildNativeTypeToScriptingClass (14ms)
	initialDomainReloadingComplete (34ms)
	LoadAllAssembliesAndSetupDomain (286ms)
		LoadAssemblies (364ms)
		RebuildTransferFunctionScriptingTraits (0ms)
		AnalyzeDomain (29ms)
			TypeCache.Refresh (12ms)
				TypeCache.ScanAssembly (0ms)
			ScanForSourceGeneratedMonoScriptInfo (8ms)
			ResolveRequiredComponents (8ms)
	FinalizeReload (1044ms)
		ReleaseScriptCaches (0ms)
		RebuildScriptCaches (0ms)
		SetupLoadedEditorAssemblies (512ms)
			LogAssemblyErrors (0ms)
			InitializePlatformSupportModulesInManaged (7ms)
			SetLoadedEditorAssemblies (4ms)
			RefreshPlugins (0ms)
			BeforeProcessingInitializeOnLoad (105ms)
			ProcessInitializeOnLoadAttributes (363ms)
			ProcessInitializeOnLoadMethodAttributes (24ms)
			AfterProcessingInitializeOnLoad (8ms)
			EditorAssembliesLoaded (0ms)
		ExecutionOrderSort2 (0ms)
		AwakeInstancesAfterBackupRestoration (8ms)
Refreshing native plugins compatible for Editor in 3.75 ms, found 3 plugins.
Preloading 0 native plugins for Editor in 0.00 ms.
Unloading 3092 Unused Serialized files (Serialized files now loaded: 0)
Unloading 23 unused Assets / (31.1 KB). Loaded Objects now: 3643.
Memory consumption went from 138.5 MB to 138.5 MB.
Total: 3.272300 ms (FindLiveObjects: 0.277900 ms CreateObjectMapping: 0.186400 ms MarkObjects: 2.750100 ms  DeleteObjects: 0.057100 ms)

Prepare: number of updated asset objects reloaded= 0
AssetImportParameters requested are different than current active one (requested -> active):
  custom:container-demuxer-ogg: 62fdf1f143b41e24485cea50d1cbac27 -> 
  custom:video-decoder-ogg-theora: a1e56fd34408186e4bbccfd4996cb3dc -> 
  custom:framework-win-MediaFoundation: 216162199b28c13a410421893ffa2e32 -> 
  custom:CustomObjectIndexerAttribute: 756ad292c208cfabdd7b50bc23989ffe -> 
  custom:container-demuxer-webm: 4f35f7cbe854078d1ac9338744f61a02 -> 
  custom:container-muxer-webm: aa71ff27fc2769a1b78a27578f13a17b -> 
  custom:video-decoder-webm-vp8: 9c59270c3fd7afecdb556c50c9e8de78 -> 
  custom:SearchIndexIgnoredProperties: e643bd26f0fe6173181afceb89e7c659 -> 
  custom:AudioImporter_EditorPlatform: d09bf68614088b80899f8185d706f6e7 -> 
  custom:video-encoder-webm-vp8: eb34c28f22e8b96e1ab97ce403110664 -> 
  custom:audio-decoder-ogg-vorbis: bf7c407c2cedff20999df2af8eb42d56 -> 
  custom:audio-encoder-webm-vorbis: bf7c407c2cedff20999df2af8eb42d56 -> 
========================================================================
Received Prepare
Begin MonoManager ReloadAssembly
- Loaded All Assemblies, in  0.599 seconds
Refreshing native plugins compatible for Editor in 3.60 ms, found 3 plugins.
Native extension for WindowsStandalone target not found
[Package Manager] Server::EnsureServerProcessIsRunning -- launch failed, reason: Unity was launched with the -noUpm command-line argument
[Package Manager] UpmClient::Send -- Unable to send message (not connected to UPM process).
[Package Manager] Cannot connect to Unity Package Manager local server
Mono: successfully reloaded assembly
- Finished resetting the current domain, in  1.071 seconds
Domain Reload Profiling: 1666ms
	BeginReloadAssembly (213ms)
		ExecutionOrderSort (0ms)
		DisableScriptedObjects (7ms)
		BackupInstance (0ms)
		ReleaseScriptingObjects (0ms)
		CreateAndSetChildDomain (40ms)
	RebuildCommonClasses (39ms)
	RebuildNativeTypeToScriptingClass (13ms)
	initialDomainReloadingComplete (35ms)
	LoadAllAssembliesAndSetupDomain (295ms)
		LoadAssemblies (400ms)
		RebuildTransferFunctionScriptingTraits (0ms)
		AnalyzeDomain (25ms)
			TypeCache.Refresh (11ms)
				TypeCache.ScanAssembly (0ms)
			ScanForSourceGeneratedMonoScriptInfo (8ms)
			ResolveRequiredComponents (5ms)
	FinalizeReload (1072ms)
		ReleaseScriptCaches (0ms)
		RebuildScriptCaches (0ms)
		SetupLoadedEditorAssemblies (549ms)
			LogAssemblyErrors (0ms)
			InitializePlatformSupportModulesInManaged (7ms)
			SetLoadedEditorAssemblies (5ms)
			RefreshPlugins (0ms)
			BeforeProcessingInitializeOnLoad (110ms)
			ProcessInitializeOnLoadAttributes (394ms)
			ProcessInitializeOnLoadMethodAttributes (25ms)
			AfterProcessingInitializeOnLoad (8ms)
			EditorAssembliesLoaded (0ms)
		ExecutionOrderSort2 (0ms)
		AwakeInstancesAfterBackupRestoration (8ms)
Refreshing native plugins compatible for Editor in 3.70 ms, found 3 plugins.
Preloading 0 native plugins for Editor in 0.00 ms.
Unloading 3093 Unused Serialized files (Serialized files now loaded: 0)
Unloading 23 unused Assets / (31.1 KB). Loaded Objects now: 3646.
Memory consumption went from 140.7 MB to 140.7 MB.
Total: 3.215400 ms (FindLiveObjects: 0.309900 ms CreateObjectMapping: 0.204500 ms MarkObjects: 2.643600 ms  DeleteObjects: 0.055900 ms)

Prepare: number of updated asset objects reloaded= 0
AssetImportParameters requested are different than current active one (requested -> active):
  custom:container-demuxer-ogg: 62fdf1f143b41e24485cea50d1cbac27 -> 
  custom:video-decoder-ogg-theora: a1e56fd34408186e4bbccfd4996cb3dc -> 
  custom:framework-win-MediaFoundation: 216162199b28c13a410421893ffa2e32 -> 
  custom:CustomObjectIndexerAttribute: 756ad292c208cfabdd7b50bc23989ffe -> 
  custom:container-demuxer-webm: 4f35f7cbe854078d1ac9338744f61a02 -> 
  custom:container-muxer-webm: aa71ff27fc2769a1b78a27578f13a17b -> 
  custom:video-decoder-webm-vp8: 9c59270c3fd7afecdb556c50c9e8de78 -> 
  custom:SearchIndexIgnoredProperties: e643bd26f0fe6173181afceb89e7c659 -> 
  custom:AudioImporter_EditorPlatform: d09bf68614088b80899f8185d706f6e7 -> 
  custom:video-encoder-webm-vp8: eb34c28f22e8b96e1ab97ce403110664 -> 
  custom:audio-decoder-ogg-vorbis: bf7c407c2cedff20999df2af8eb42d56 -> 
  custom:audio-encoder-webm-vorbis: bf7c407c2cedff20999df2af8eb42d56 -> 
========================================================================
Received Prepare
Begin MonoManager ReloadAssembly
- Loaded All Assemblies, in  0.618 seconds
Refreshing native plugins compatible for Editor in 4.89 ms, found 3 plugins.
Native extension for WindowsStandalone target not found
[Package Manager] Server::EnsureServerProcessIsRunning -- launch failed, reason: Unity was launched with the -noUpm command-line argument
[Package Manager] UpmClient::Send -- Unable to send message (not connected to UPM process).
[Package Manager] Cannot connect to Unity Package Manager local server
Mono: successfully reloaded assembly
- Finished resetting the current domain, in  1.107 seconds
Domain Reload Profiling: 1720ms
	BeginReloadAssembly (194ms)
		ExecutionOrderSort (0ms)
		DisableScriptedObjects (7ms)
		BackupInstance (0ms)
		ReleaseScriptingObjects (0ms)
		CreateAndSetChildDomain (44ms)
	RebuildCommonClasses (45ms)
	RebuildNativeTypeToScriptingClass (19ms)
	initialDomainReloadingComplete (36ms)
	LoadAllAssembliesAndSetupDomain (319ms)
		LoadAssemblies (391ms)
		RebuildTransferFunctionScriptingTraits (0ms)
		AnalyzeDomain (34ms)
			TypeCache.Refresh (14ms)
				TypeCache.ScanAssembly (0ms)
			ScanForSourceGeneratedMonoScriptInfo (11ms)
			ResolveRequiredComponents (7ms)
	FinalizeReload (1107ms)
		ReleaseScriptCaches (0ms)
		RebuildScriptCaches (0ms)
		SetupLoadedEditorAssemblies (561ms)
			LogAssemblyErrors (0ms)
			InitializePlatformSupportModulesInManaged (7ms)
			SetLoadedEditorAssemblies (5ms)
			RefreshPlugins (0ms)
			BeforeProcessingInitializeOnLoad (129ms)
			ProcessInitializeOnLoadAttributes (385ms)
			ProcessInitializeOnLoadMethodAttributes (27ms)
			AfterProcessingInitializeOnLoad (8ms)
			EditorAssembliesLoaded (0ms)
		ExecutionOrderSort2 (0ms)
		AwakeInstancesAfterBackupRestoration (8ms)
Refreshing native plugins compatible for Editor in 3.52 ms, found 3 plugins.
Preloading 0 native plugins for Editor in 0.00 ms.
Unloading 3093 Unused Serialized files (Serialized files now loaded: 0)
Unloading 23 unused Assets / (31.2 KB). Loaded Objects now: 3649.
Memory consumption went from 142.6 MB to 142.6 MB.
Total: 3.127100 ms (FindLiveObjects: 0.283200 ms CreateObjectMapping: 0.205000 ms MarkObjects: 2.592100 ms  DeleteObjects: 0.045700 ms)

Prepare: number of updated asset objects reloaded= 0
AssetImportParameters requested are different than current active one (requested -> active):
  custom:container-demuxer-ogg: 62fdf1f143b41e24485cea50d1cbac27 -> 
  custom:video-decoder-ogg-theora: a1e56fd34408186e4bbccfd4996cb3dc -> 
  custom:framework-win-MediaFoundation: 216162199b28c13a410421893ffa2e32 -> 
  custom:CustomObjectIndexerAttribute: 756ad292c208cfabdd7b50bc23989ffe -> 
  custom:container-demuxer-webm: 4f35f7cbe854078d1ac9338744f61a02 -> 
  custom:container-muxer-webm: aa71ff27fc2769a1b78a27578f13a17b -> 
  custom:video-decoder-webm-vp8: 9c59270c3fd7afecdb556c50c9e8de78 -> 
  custom:SearchIndexIgnoredProperties: e643bd26f0fe6173181afceb89e7c659 -> 
  custom:AudioImporter_EditorPlatform: d09bf68614088b80899f8185d706f6e7 -> 
  custom:video-encoder-webm-vp8: eb34c28f22e8b96e1ab97ce403110664 -> 
  custom:audio-decoder-ogg-vorbis: bf7c407c2cedff20999df2af8eb42d56 -> 
  custom:audio-encoder-webm-vorbis: bf7c407c2cedff20999df2af8eb42d56 -> 
========================================================================
Received Prepare
Begin MonoManager ReloadAssembly
- Loaded All Assemblies, in  0.572 seconds
Refreshing native plugins compatible for Editor in 4.06 ms, found 3 plugins.
Native extension for WindowsStandalone target not found
[Package Manager] Server::EnsureServerProcessIsRunning -- launch failed, reason: Unity was launched with the -noUpm command-line argument
[Package Manager] UpmClient::Send -- Unable to send message (not connected to UPM process).
[Package Manager] Cannot connect to Unity Package Manager local server
Mono: successfully reloaded assembly
- Finished resetting the current domain, in  1.181 seconds
Domain Reload Profiling: 1750ms
	BeginReloadAssembly (188ms)
		ExecutionOrderSort (0ms)
		DisableScriptedObjects (8ms)
		BackupInstance (0ms)
		ReleaseScriptingObjects (0ms)
		CreateAndSetChildDomain (40ms)
	RebuildCommonClasses (43ms)
	RebuildNativeTypeToScriptingClass (14ms)
	initialDomainReloadingComplete (42ms)
	LoadAllAssembliesAndSetupDomain (281ms)
		LoadAssemblies (371ms)
		RebuildTransferFunctionScriptingTraits (0ms)
		AnalyzeDomain (15ms)
			TypeCache.Refresh (8ms)
				TypeCache.ScanAssembly (0ms)
			ScanForSourceGeneratedMonoScriptInfo (0ms)
			ResolveRequiredComponents (6ms)
	FinalizeReload (1182ms)
		ReleaseScriptCaches (0ms)
		RebuildScriptCaches (0ms)
		SetupLoadedEditorAssemblies (607ms)
			LogAssemblyErrors (0ms)
			InitializePlatformSupportModulesInManaged (8ms)
			SetLoadedEditorAssemblies (7ms)
			RefreshPlugins (0ms)
			BeforeProcessingInitializeOnLoad (120ms)
			ProcessInitializeOnLoadAttributes (431ms)
			ProcessInitializeOnLoadMethodAttributes (32ms)
			AfterProcessingInitializeOnLoad (8ms)
			EditorAssembliesLoaded (0ms)
		ExecutionOrderSort2 (0ms)
		AwakeInstancesAfterBackupRestoration (11ms)
Refreshing native plugins compatible for Editor in 4.83 ms, found 3 plugins.
Preloading 0 native plugins for Editor in 0.00 ms.
Unloading 3093 Unused Serialized files (Serialized files now loaded: 0)
Unloading 23 unused Assets / (31.2 KB). Loaded Objects now: 3652.
Memory consumption went from 144.6 MB to 144.5 MB.
Total: 3.397500 ms (FindLiveObjects: 0.280400 ms CreateObjectMapping: 0.204300 ms MarkObjects: 2.855900 ms  DeleteObjects: 0.055200 ms)

Prepare: number of updated asset objects reloaded= 0
AssetImportParameters requested are different than current active one (requested -> active):
  custom:container-demuxer-ogg: 62fdf1f143b41e24485cea50d1cbac27 -> 
  custom:video-decoder-ogg-theora: a1e56fd34408186e4bbccfd4996cb3dc -> 
  custom:framework-win-MediaFoundation: 216162199b28c13a410421893ffa2e32 -> 
  custom:CustomObjectIndexerAttribute: 756ad292c208cfabdd7b50bc23989ffe -> 
  custom:container-demuxer-webm: 4f35f7cbe854078d1ac9338744f61a02 -> 
  custom:container-muxer-webm: aa71ff27fc2769a1b78a27578f13a17b -> 
  custom:video-decoder-webm-vp8: 9c59270c3fd7afecdb556c50c9e8de78 -> 
  custom:SearchIndexIgnoredProperties: e643bd26f0fe6173181afceb89e7c659 -> 
  custom:AudioImporter_EditorPlatform: d09bf68614088b80899f8185d706f6e7 -> 
  custom:video-encoder-webm-vp8: eb34c28f22e8b96e1ab97ce403110664 -> 
  custom:audio-decoder-ogg-vorbis: bf7c407c2cedff20999df2af8eb42d56 -> 
  custom:audio-encoder-webm-vorbis: bf7c407c2cedff20999df2af8eb42d56 -> 
========================================================================
Received Prepare
Begin MonoManager ReloadAssembly
- Loaded All Assemblies, in  0.566 seconds
Refreshing native plugins compatible for Editor in 3.35 ms, found 3 plugins.
Native extension for WindowsStandalone target not found
[Package Manager] Server::EnsureServerProcessIsRunning -- launch failed, reason: Unity was launched with the -noUpm command-line argument
[Package Manager] UpmClient::Send -- Unable to send message (not connected to UPM process).
[Package Manager] Cannot connect to Unity Package Manager local server
Mono: successfully reloaded assembly
- Finished resetting the current domain, in  1.088 seconds
Domain Reload Profiling: 1649ms
	BeginReloadAssembly (191ms)
		ExecutionOrderSort (0ms)
		DisableScriptedObjects (7ms)
		BackupInstance (0ms)
		ReleaseScriptingObjects (0ms)
		CreateAndSetChildDomain (40ms)
	RebuildCommonClasses (37ms)
	RebuildNativeTypeToScriptingClass (15ms)
	initialDomainReloadingComplete (34ms)
	LoadAllAssembliesAndSetupDomain (284ms)
		LoadAssemblies (368ms)
		RebuildTransferFunctionScriptingTraits (0ms)
		AnalyzeDomain (24ms)
			TypeCache.Refresh (9ms)
				TypeCache.ScanAssembly (0ms)
			ScanForSourceGeneratedMonoScriptInfo (8ms)
			ResolveRequiredComponents (6ms)
	FinalizeReload (1088ms)
		ReleaseScriptCaches (0ms)
		RebuildScriptCaches (0ms)
		SetupLoadedEditorAssemblies (575ms)
			LogAssemblyErrors (0ms)
			InitializePlatformSupportModulesInManaged (7ms)
			SetLoadedEditorAssemblies (5ms)
			RefreshPlugins (0ms)
			BeforeProcessingInitializeOnLoad (106ms)
			ProcessInitializeOnLoadAttributes (425ms)
			ProcessInitializeOnLoadMethodAttributes (24ms)
			AfterProcessingInitializeOnLoad (8ms)
			EditorAssembliesLoaded (0ms)
		ExecutionOrderSort2 (0ms)
		AwakeInstancesAfterBackupRestoration (8ms)
Refreshing native plugins compatible for Editor in 3.39 ms, found 3 plugins.
Preloading 0 native plugins for Editor in 0.00 ms.
Unloading 3093 Unused Serialized files (Serialized files now loaded: 0)
Unloading 23 unused Assets / (31.2 KB). Loaded Objects now: 3655.
Memory consumption went from 146.5 MB to 146.4 MB.
Total: 3.155700 ms (FindLiveObjects: 0.273600 ms CreateObjectMapping: 0.257000 ms MarkObjects: 2.581000 ms  DeleteObjects: 0.043300 ms)

Prepare: number of updated asset objects reloaded= 0
AssetImportParameters requested are different than current active one (requested -> active):
  custom:container-demuxer-ogg: 62fdf1f143b41e24485cea50d1cbac27 -> 
  custom:video-decoder-ogg-theora: a1e56fd34408186e4bbccfd4996cb3dc -> 
  custom:framework-win-MediaFoundation: 216162199b28c13a410421893ffa2e32 -> 
  custom:CustomObjectIndexerAttribute: 756ad292c208cfabdd7b50bc23989ffe -> 
  custom:container-demuxer-webm: 4f35f7cbe854078d1ac9338744f61a02 -> 
  custom:container-muxer-webm: aa71ff27fc2769a1b78a27578f13a17b -> 
  custom:video-decoder-webm-vp8: 9c59270c3fd7afecdb556c50c9e8de78 -> 
  custom:SearchIndexIgnoredProperties: e643bd26f0fe6173181afceb89e7c659 -> 
  custom:AudioImporter_EditorPlatform: d09bf68614088b80899f8185d706f6e7 -> 
  custom:video-encoder-webm-vp8: eb34c28f22e8b96e1ab97ce403110664 -> 
  custom:audio-decoder-ogg-vorbis: bf7c407c2cedff20999df2af8eb42d56 -> 
  custom:audio-encoder-webm-vorbis: bf7c407c2cedff20999df2af8eb42d56 -> 
========================================================================
Received Prepare
Begin MonoManager ReloadAssembly
- Loaded All Assemblies, in  0.571 seconds
Refreshing native plugins compatible for Editor in 3.54 ms, found 3 plugins.
Native extension for WindowsStandalone target not found
[Package Manager] Server::EnsureServerProcessIsRunning -- launch failed, reason: Unity was launched with the -noUpm command-line argument
[Package Manager] UpmClient::Send -- Unable to send message (not connected to UPM process).
[Package Manager] Cannot connect to Unity Package Manager local server
Mono: successfully reloaded assembly
- Finished resetting the current domain, in  1.111 seconds
Domain Reload Profiling: 1680ms
	BeginReloadAssembly (203ms)
		ExecutionOrderSort (0ms)
		DisableScriptedObjects (10ms)
		BackupInstance (0ms)
		ReleaseScriptingObjects (0ms)
		CreateAndSetChildDomain (47ms)
	RebuildCommonClasses (37ms)
	RebuildNativeTypeToScriptingClass (13ms)
	initialDomainReloadingComplete (37ms)
	LoadAllAssembliesAndSetupDomain (277ms)
		LoadAssemblies (373ms)
		RebuildTransferFunctionScriptingTraits (0ms)
		AnalyzeDomain (14ms)
			TypeCache.Refresh (8ms)
				TypeCache.ScanAssembly (0ms)
			ScanForSourceGeneratedMonoScriptInfo (0ms)
			ResolveRequiredComponents (6ms)
	FinalizeReload (1112ms)
		ReleaseScriptCaches (0ms)
		RebuildScriptCaches (0ms)
		SetupLoadedEditorAssemblies (583ms)
			LogAssemblyErrors (0ms)
			InitializePlatformSupportModulesInManaged (7ms)
			SetLoadedEditorAssemblies (5ms)
			RefreshPlugins (0ms)
			BeforeProcessingInitializeOnLoad (122ms)
			ProcessInitializeOnLoadAttributes (414ms)
			ProcessInitializeOnLoadMethodAttributes (26ms)
			AfterProcessingInitializeOnLoad (8ms)
			EditorAssembliesLoaded (0ms)
		ExecutionOrderSort2 (0ms)
		AwakeInstancesAfterBackupRestoration (8ms)
Refreshing native plugins compatible for Editor in 4.56 ms, found 3 plugins.
Preloading 0 native plugins for Editor in 0.00 ms.
Unloading 3093 Unused Serialized files (Serialized files now loaded: 0)
Unloading 23 unused Assets / (31.1 KB). Loaded Objects now: 3658.
Memory consumption went from 148.4 MB to 148.4 MB.
Total: 3.925700 ms (FindLiveObjects: 0.393500 ms CreateObjectMapping: 0.265500 ms MarkObjects: 3.200000 ms  DeleteObjects: 0.065600 ms)

Prepare: number of updated asset objects reloaded= 0
AssetImportParameters requested are different than current active one (requested -> active):
  custom:container-demuxer-ogg: 62fdf1f143b41e24485cea50d1cbac27 -> 
  custom:video-decoder-ogg-theora: a1e56fd34408186e4bbccfd4996cb3dc -> 
  custom:framework-win-MediaFoundation: 216162199b28c13a410421893ffa2e32 -> 
  custom:CustomObjectIndexerAttribute: 756ad292c208cfabdd7b50bc23989ffe -> 
  custom:container-demuxer-webm: 4f35f7cbe854078d1ac9338744f61a02 -> 
  custom:container-muxer-webm: aa71ff27fc2769a1b78a27578f13a17b -> 
  custom:video-decoder-webm-vp8: 9c59270c3fd7afecdb556c50c9e8de78 -> 
  custom:SearchIndexIgnoredProperties: e643bd26f0fe6173181afceb89e7c659 -> 
  custom:AudioImporter_EditorPlatform: d09bf68614088b80899f8185d706f6e7 -> 
  custom:video-encoder-webm-vp8: eb34c28f22e8b96e1ab97ce403110664 -> 
  custom:audio-decoder-ogg-vorbis: bf7c407c2cedff20999df2af8eb42d56 -> 
  custom:audio-encoder-webm-vorbis: bf7c407c2cedff20999df2af8eb42d56 -> 
========================================================================
Received Prepare
Begin MonoManager ReloadAssembly
- Loaded All Assemblies, in  0.576 seconds
Refreshing native plugins compatible for Editor in 3.35 ms, found 3 plugins.
Native extension for WindowsStandalone target not found
[Package Manager] Server::EnsureServerProcessIsRunning -- launch failed, reason: Unity was launched with the -noUpm command-line argument
[Package Manager] UpmClient::Send -- Unable to send message (not connected to UPM process).
[Package Manager] Cannot connect to Unity Package Manager local server
Mono: successfully reloaded assembly
- Finished resetting the current domain, in  1.025 seconds
Domain Reload Profiling: 1598ms
	BeginReloadAssembly (193ms)
		ExecutionOrderSort (0ms)
		DisableScriptedObjects (6ms)
		BackupInstance (0ms)
		ReleaseScriptingObjects (0ms)
		CreateAndSetChildDomain (43ms)
	RebuildCommonClasses (44ms)
	RebuildNativeTypeToScriptingClass (14ms)
	initialDomainReloadingComplete (34ms)
	LoadAllAssembliesAndSetupDomain (287ms)
		LoadAssemblies (371ms)
		RebuildTransferFunctionScriptingTraits (0ms)
		AnalyzeDomain (24ms)
			TypeCache.Refresh (9ms)
				TypeCache.ScanAssembly (0ms)
			ScanForSourceGeneratedMonoScriptInfo (8ms)
			ResolveRequiredComponents (5ms)
	FinalizeReload (1026ms)
		ReleaseScriptCaches (0ms)
		RebuildScriptCaches (0ms)
		SetupLoadedEditorAssemblies (512ms)
			LogAssemblyErrors (0ms)
			InitializePlatformSupportModulesInManaged (7ms)
			SetLoadedEditorAssemblies (4ms)
			RefreshPlugins (0ms)
			BeforeProcessingInitializeOnLoad (105ms)
			ProcessInitializeOnLoadAttributes (362ms)
			ProcessInitializeOnLoadMethodAttributes (25ms)
			AfterProcessingInitializeOnLoad (8ms)
			EditorAssembliesLoaded (0ms)
		ExecutionOrderSort2 (0ms)
		AwakeInstancesAfterBackupRestoration (8ms)
Refreshing native plugins compatible for Editor in 3.89 ms, found 3 plugins.
Preloading 0 native plugins for Editor in 0.00 ms.
Unloading 3093 Unused Serialized files (Serialized files now loaded: 0)
Unloading 23 unused Assets / (31.1 KB). Loaded Objects now: 3661.
Memory consumption went from 150.3 MB to 150.3 MB.
Total: 3.337200 ms (FindLiveObjects: 0.303400 ms CreateObjectMapping: 0.232000 ms MarkObjects: 2.750600 ms  DeleteObjects: 0.050100 ms)

Prepare: number of updated asset objects reloaded= 0
AssetImportParameters requested are different than current active one (requested -> active):
  custom:container-demuxer-ogg: 62fdf1f143b41e24485cea50d1cbac27 -> 
  custom:video-decoder-ogg-theora: a1e56fd34408186e4bbccfd4996cb3dc -> 
  custom:framework-win-MediaFoundation: 216162199b28c13a410421893ffa2e32 -> 
  custom:CustomObjectIndexerAttribute: 756ad292c208cfabdd7b50bc23989ffe -> 
  custom:container-demuxer-webm: 4f35f7cbe854078d1ac9338744f61a02 -> 
  custom:container-muxer-webm: aa71ff27fc2769a1b78a27578f13a17b -> 
  custom:video-decoder-webm-vp8: 9c59270c3fd7afecdb556c50c9e8de78 -> 
  custom:SearchIndexIgnoredProperties: e643bd26f0fe6173181afceb89e7c659 -> 
  custom:AudioImporter_EditorPlatform: d09bf68614088b80899f8185d706f6e7 -> 
  custom:video-encoder-webm-vp8: eb34c28f22e8b96e1ab97ce403110664 -> 
  custom:audio-decoder-ogg-vorbis: bf7c407c2cedff20999df2af8eb42d56 -> 
  custom:audio-encoder-webm-vorbis: bf7c407c2cedff20999df2af8eb42d56 -> 
========================================================================
Received Prepare
Begin MonoManager ReloadAssembly
- Loaded All Assemblies, in  0.565 seconds
Refreshing native plugins compatible for Editor in 3.40 ms, found 3 plugins.
Native extension for WindowsStandalone target not found
[Package Manager] Server::EnsureServerProcessIsRunning -- launch failed, reason: Unity was launched with the -noUpm command-line argument
[Package Manager] UpmClient::Send -- Unable to send message (not connected to UPM process).
[Package Manager] Cannot connect to Unity Package Manager local server
Mono: successfully reloaded assembly
- Finished resetting the current domain, in  1.164 seconds
Domain Reload Profiling: 1726ms
	BeginReloadAssembly (182ms)
		ExecutionOrderSort (0ms)
		DisableScriptedObjects (6ms)
		BackupInstance (0ms)
		ReleaseScriptingObjects (0ms)
		CreateAndSetChildDomain (39ms)
	RebuildCommonClasses (38ms)
	RebuildNativeTypeToScriptingClass (18ms)
	initialDomainReloadingComplete (41ms)
	LoadAllAssembliesAndSetupDomain (283ms)
		LoadAssemblies (367ms)
		RebuildTransferFunctionScriptingTraits (0ms)
		AnalyzeDomain (17ms)
			TypeCache.Refresh (9ms)
				TypeCache.ScanAssembly (0ms)
			ScanForSourceGeneratedMonoScriptInfo (0ms)
			ResolveRequiredComponents (6ms)
	FinalizeReload (1165ms)
		ReleaseScriptCaches (0ms)
		RebuildScriptCaches (0ms)
		SetupLoadedEditorAssemblies (609ms)
			LogAssemblyErrors (0ms)
			InitializePlatformSupportModulesInManaged (8ms)
			SetLoadedEditorAssemblies (8ms)
			RefreshPlugins (0ms)
			BeforeProcessingInitializeOnLoad (127ms)
			ProcessInitializeOnLoadAttributes (425ms)
			ProcessInitializeOnLoadMethodAttributes (31ms)
			AfterProcessingInitializeOnLoad (10ms)
			EditorAssembliesLoaded (0ms)
		ExecutionOrderSort2 (0ms)
		AwakeInstancesAfterBackupRestoration (10ms)
Refreshing native plugins compatible for Editor in 4.54 ms, found 3 plugins.
Preloading 0 native plugins for Editor in 0.00 ms.
Unloading 3093 Unused Serialized files (Serialized files now loaded: 0)
Unloading 23 unused Assets / (31.2 KB). Loaded Objects now: 3664.
Memory consumption went from 152.2 MB to 152.2 MB.
Total: 3.266300 ms (FindLiveObjects: 0.346000 ms CreateObjectMapping: 0.263300 ms MarkObjects: 2.607900 ms  DeleteObjects: 0.048100 ms)

Prepare: number of updated asset objects reloaded= 0
AssetImportParameters requested are different than current active one (requested -> active):
  custom:container-demuxer-ogg: 62fdf1f143b41e24485cea50d1cbac27 -> 
  custom:video-decoder-ogg-theora: a1e56fd34408186e4bbccfd4996cb3dc -> 
  custom:framework-win-MediaFoundation: 216162199b28c13a410421893ffa2e32 -> 
  custom:CustomObjectIndexerAttribute: 756ad292c208cfabdd7b50bc23989ffe -> 
  custom:container-demuxer-webm: 4f35f7cbe854078d1ac9338744f61a02 -> 
  custom:container-muxer-webm: aa71ff27fc2769a1b78a27578f13a17b -> 
  custom:video-decoder-webm-vp8: 9c59270c3fd7afecdb556c50c9e8de78 -> 
  custom:SearchIndexIgnoredProperties: e643bd26f0fe6173181afceb89e7c659 -> 
  custom:AudioImporter_EditorPlatform: d09bf68614088b80899f8185d706f6e7 -> 
  custom:video-encoder-webm-vp8: eb34c28f22e8b96e1ab97ce403110664 -> 
  custom:audio-decoder-ogg-vorbis: bf7c407c2cedff20999df2af8eb42d56 -> 
  custom:audio-encoder-webm-vorbis: bf7c407c2cedff20999df2af8eb42d56 -> 
